2021-03-06 21:07:01.557  INFO 8092 --- [restartedMain] com.atg.atgtools.AtgtoolsApplication     : Starting AtgtoolsApplication using Java 1.8.0_162 on GBKTNEO004X0068 with PID 8092 (C:\downloads\Tomcat\atgtools\target\classes started by sundek01 in C:\downloads\Tomcat\atgtools)
2021-03-06 21:07:01.573  INFO 8092 --- [restartedMain] com.atg.atgtools.AtgtoolsApplication     : No active profile set, falling back to default profiles: default
2021-03-06 21:07:01.727  INFO 8092 --- [restartedMain] .e.DevToolsPropertyDefaultsPostProcessor : Devtools property defaults active! Set 'spring.devtools.add-properties' to 'false' to disable
2021-03-06 21:07:01.727  INFO 8092 --- [restartedMain] .e.DevToolsPropertyDefaultsPostProcessor : For additional web related logging consider setting the 'logging.level.web' property to 'DEBUG'
2021-03-06 21:07:03.987  INFO 8092 --- [restartedMain] .s.d.r.c.RepositoryConfigurationDelegate : Bootstrapping Spring Data JPA repositories in DEFAULT mode.
2021-03-06 21:07:04.041  INFO 8092 --- [restartedMain] .s.d.r.c.RepositoryConfigurationDelegate : Finished Spring Data repository scanning in 16 ms. Found 0 JPA repository interfaces.
2021-03-06 21:07:05.303  INFO 8092 --- [restartedMain] trationDelegate$BeanPostProcessorChecker : Bean 'org.springframework.hateoas.config.HateoasConfiguration' of type [org.springframework.hateoas.config.HateoasConfiguration] is not eligible for getting processed by all BeanPostProcessors (for example: not eligible for auto-proxying)
2021-03-06 21:07:05.318  INFO 8092 --- [restartedMain] trationDelegate$BeanPostProcessorChecker : Bean 'relProviderPluginRegistry' of type [org.springframework.plugin.core.support.PluginRegistryFactoryBean] is not eligible for getting processed by all BeanPostProcessors (for example: not eligible for auto-proxying)
2021-03-06 21:07:05.365  INFO 8092 --- [restartedMain] trationDelegate$BeanPostProcessorChecker : Bean 'relProviderPluginRegistry' of type [org.springframework.plugin.core.OrderAwarePluginRegistry] is not eligible for getting processed by all BeanPostProcessors (for example: not eligible for auto-proxying)
2021-03-06 21:07:05.459  INFO 8092 --- [restartedMain] trationDelegate$BeanPostProcessorChecker : Bean '_relProvider' of type [org.springframework.hateoas.server.core.DelegatingLinkRelationProvider] is not eligible for getting processed by all BeanPostProcessors (for example: not eligible for auto-proxying)
2021-03-06 21:07:05.474  INFO 8092 --- [restartedMain] trationDelegate$BeanPostProcessorChecker : Bean 'messageResolver' of type [org.springframework.hateoas.mediatype.MessageSourceResolver] is not eligible for getting processed by all BeanPostProcessors (for example: not eligible for auto-proxying)
2021-03-06 21:07:05.474  INFO 8092 --- [restartedMain] trationDelegate$BeanPostProcessorChecker : Bean 'org.springframework.data.web.config.SpringDataJacksonConfiguration' of type [org.springframework.data.web.config.SpringDataJacksonConfiguration] is not eligible for getting processed by all BeanPostProcessors (for example: not eligible for auto-proxying)
2021-03-06 21:07:05.474  INFO 8092 --- [restartedMain] trationDelegate$BeanPostProcessorChecker : Bean 'jacksonGeoModule' of type [org.springframework.data.geo.GeoModule] is not eligible for getting processed by all BeanPostProcessors (for example: not eligible for auto-proxying)
2021-03-06 21:07:05.490  INFO 8092 --- [restartedMain] trationDelegate$BeanPostProcessorChecker : Bean 'org.springframework.boot.autoconfigure.data.rest.RepositoryRestMvcAutoConfiguration' of type [org.springframework.boot.autoconfigure.data.rest.RepositoryRestMvcAutoConfiguration] is not eligible for getting processed by all BeanPostProcessors (for example: not eligible for auto-proxying)
2021-03-06 21:07:05.490  INFO 8092 --- [restartedMain] trationDelegate$BeanPostProcessorChecker : Bean 'org.springframework.boot.autoconfigure.jackson.JacksonAutoConfiguration$JacksonObjectMapperBuilderConfiguration' of type [org.springframework.boot.autoconfigure.jackson.JacksonAutoConfiguration$JacksonObjectMapperBuilderConfiguration] is not eligible for getting processed by all BeanPostProcessors (for example: not eligible for auto-proxying)
2021-03-06 21:07:05.490  INFO 8092 --- [restartedMain] trationDelegate$BeanPostProcessorChecker : Bean 'org.springframework.boot.autoconfigure.jackson.JacksonAutoConfiguration$Jackson2ObjectMapperBuilderCustomizerConfiguration' of type [org.springframework.boot.autoconfigure.jackson.JacksonAutoConfiguration$Jackson2ObjectMapperBuilderCustomizerConfiguration] is not eligible for getting processed by all BeanPostProcessors (for example: not eligible for auto-proxying)
2021-03-06 21:07:05.506  INFO 8092 --- [restartedMain] trationDelegate$BeanPostProcessorChecker : Bean 'spring.jackson-org.springframework.boot.autoconfigure.jackson.JacksonProperties' of type [org.springframework.boot.autoconfigure.jackson.JacksonProperties] is not eligible for getting processed by all BeanPostProcessors (for example: not eligible for auto-proxying)
2021-03-06 21:07:05.521  INFO 8092 --- [restartedMain] trationDelegate$BeanPostProcessorChecker : Bean 'standardJacksonObjectMapperBuilderCustomizer' of type [org.springframework.boot.autoconfigure.jackson.JacksonAutoConfiguration$Jackson2ObjectMapperBuilderCustomizerConfiguration$StandardJackson2ObjectMapperBuilderCustomizer] is not eligible for getting processed by all BeanPostProcessors (for example: not eligible for auto-proxying)
2021-03-06 21:07:05.521  INFO 8092 --- [restartedMain] trationDelegate$BeanPostProcessorChecker : Bean 'org.springframework.boot.autoconfigure.jackson.JacksonAutoConfiguration$ParameterNamesModuleConfiguration' of type [org.springframework.boot.autoconfigure.jackson.JacksonAutoConfiguration$ParameterNamesModuleConfiguration] is not eligible for getting processed by all BeanPostProcessors (for example: not eligible for auto-proxying)
2021-03-06 21:07:05.521  INFO 8092 --- [restartedMain] trationDelegate$BeanPostProcessorChecker : Bean 'parameterNamesModule' of type [com.fasterxml.jackson.module.paramnames.ParameterNamesModule] is not eligible for getting processed by all BeanPostProcessors (for example: not eligible for auto-proxying)
2021-03-06 21:07:05.521  INFO 8092 --- [restartedMain] trationDelegate$BeanPostProcessorChecker : Bean 'org.springframework.boot.autoconfigure.jackson.JacksonAutoConfiguration' of type [org.springframework.boot.autoconfigure.jackson.JacksonAutoConfiguration] is not eligible for getting processed by all BeanPostProcessors (for example: not eligible for auto-proxying)
2021-03-06 21:07:05.646  INFO 8092 --- [restartedMain] trationDelegate$BeanPostProcessorChecker : Bean 'jsonComponentModule' of type [org.springframework.boot.jackson.JsonComponentModule] is not eligible for getting processed by all BeanPostProcessors (for example: not eligible for auto-proxying)
2021-03-06 21:07:05.646  INFO 8092 --- [restartedMain] trationDelegate$BeanPostProcessorChecker : Bean 'jacksonObjectMapperBuilder' of type [org.springframework.http.converter.json.Jackson2ObjectMapperBuilder] is not eligible for getting processed by all BeanPostProcessors (for example: not eligible for auto-proxying)
2021-03-06 21:07:05.677  INFO 8092 --- [restartedMain] trationDelegate$BeanPostProcessorChecker : Bean 'spring.data.rest-org.springframework.boot.autoconfigure.data.rest.RepositoryRestProperties' of type [org.springframework.boot.autoconfigure.data.rest.RepositoryRestProperties] is not eligible for getting processed by all BeanPostProcessors (for example: not eligible for auto-proxying)
2021-03-06 21:07:05.677  INFO 8092 --- [restartedMain] trationDelegate$BeanPostProcessorChecker : Bean 'springBootRepositoryRestConfigurer' of type [org.springframework.boot.autoconfigure.data.rest.SpringBootRepositoryRestConfigurer] is not eligible for getting processed by all BeanPostProcessors (for example: not eligible for auto-proxying)
2021-03-06 21:07:05.677  INFO 8092 --- [restartedMain] trationDelegate$BeanPostProcessorChecker : Bean 'configurerDelegate' of type [org.springframework.data.rest.webmvc.config.RepositoryRestConfigurerDelegate] is not eligible for getting processed by all BeanPostProcessors (for example: not eligible for auto-proxying)
2021-03-06 21:07:05.693  INFO 8092 --- [restartedMain] trationDelegate$BeanPostProcessorChecker : Bean 'org.springframework.boot.autoconfigure.http.HttpMessageConvertersAutoConfiguration$StringHttpMessageConverterConfiguration' of type [org.springframework.boot.autoconfigure.http.HttpMessageConvertersAutoConfiguration$StringHttpMessageConverterConfiguration] is not eligible for getting processed by all BeanPostProcessors (for example: not eligible for auto-proxying)
2021-03-06 21:07:05.693  INFO 8092 --- [restartedMain] trationDelegate$BeanPostProcessorChecker : Bean 'stringHttpMessageConverter' of type [org.springframework.http.converter.StringHttpMessageConverter] is not eligible for getting processed by all BeanPostProcessors (for example: not eligible for auto-proxying)
2021-03-06 21:07:05.693  INFO 8092 --- [restartedMain] trationDelegate$BeanPostProcessorChecker : Bean 'org.springframework.boot.autoconfigure.http.JacksonHttpMessageConvertersConfiguration$MappingJackson2HttpMessageConverterConfiguration' of type [org.springframework.boot.autoconfigure.http.JacksonHttpMessageConvertersConfiguration$MappingJackson2HttpMessageConverterConfiguration] is not eligible for getting processed by all BeanPostProcessors (for example: not eligible for auto-proxying)
2021-03-06 21:07:05.693  INFO 8092 --- [restartedMain] trationDelegate$BeanPostProcessorChecker : Bean 'org.springframework.boot.autoconfigure.jackson.JacksonAutoConfiguration$JacksonObjectMapperConfiguration' of type [org.springframework.boot.autoconfigure.jackson.JacksonAutoConfiguration$JacksonObjectMapperConfiguration] is not eligible for getting processed by all BeanPostProcessors (for example: not eligible for auto-proxying)
2021-03-06 21:07:05.708  INFO 8092 --- [restartedMain] trationDelegate$BeanPostProcessorChecker : Bean 'jacksonObjectMapperBuilder' of type [org.springframework.http.converter.json.Jackson2ObjectMapperBuilder] is not eligible for getting processed by all BeanPostProcessors (for example: not eligible for auto-proxying)
2021-03-06 21:07:05.724  INFO 8092 --- [restartedMain] trationDelegate$BeanPostProcessorChecker : Bean 'jacksonObjectMapper' of type [com.fasterxml.jackson.databind.ObjectMapper] is not eligible for getting processed by all BeanPostProcessors (for example: not eligible for auto-proxying)
2021-03-06 21:07:06.114  INFO 8092 --- [restartedMain] trationDelegate$BeanPostProcessorChecker : Bean 'mappingJackson2HttpMessageConverter' of type [org.springframework.http.converter.json.MappingJackson2HttpMessageConverter] is not eligible for getting processed by all BeanPostProcessors (for example: not eligible for auto-proxying)
2021-03-06 21:07:06.114  INFO 8092 --- [restartedMain] trationDelegate$BeanPostProcessorChecker : Bean 'org.springframework.data.rest.webmvc.config.RepositoryRestMvcConfiguration' of type [org.springframework.data.rest.webmvc.config.RepositoryRestMvcConfiguration] is not eligible for getting processed by all BeanPostProcessors (for example: not eligible for auto-proxying)
2021-03-06 21:07:10.036  INFO 8092 --- [restartedMain] o.s.b.w.embedded.tomcat.TomcatWebServer  : Tomcat initialized with port(s): 8080 (http)
2021-03-06 21:07:10.083  INFO 8092 --- [restartedMain] o.apache.catalina.core.StandardService   : Starting service [Tomcat]
2021-03-06 21:07:10.083  INFO 8092 --- [restartedMain] org.apache.catalina.core.StandardEngine  : Starting Servlet engine: [Apache Tomcat/9.0.41]
2021-03-06 21:07:10.441  INFO 8092 --- [restartedMain] o.a.c.c.C.[Tomcat].[localhost].[/]       : Initializing Spring embedded WebApplicationContext
2021-03-06 21:07:10.441  INFO 8092 --- [restartedMain] w.s.c.ServletWebServerApplicationContext : Root WebApplicationContext: initialization completed in 8714 ms
2021-03-06 21:07:10.622  INFO 8092 --- [restartedMain] com.zaxxer.hikari.HikariDataSource       : HikariPool-1 - Starting...
2021-03-06 21:07:11.455  INFO 8092 --- [restartedMain] com.zaxxer.hikari.HikariDataSource       : HikariPool-1 - Start completed.
2021-03-06 21:07:11.517  INFO 8092 --- [restartedMain] o.s.b.a.h2.H2ConsoleAutoConfiguration    : H2 console available at '/h2-console'. Database available at 'jdbc:h2:mem:testdb'
2021-03-06 21:07:12.404  INFO 8092 --- [restartedMain] o.hibernate.jpa.internal.util.LogHelper  : HHH000204: Processing PersistenceUnitInfo [name: default]
2021-03-06 21:07:12.641  INFO 8092 --- [restartedMain] org.hibernate.Version                    : HHH000412: Hibernate ORM core version 5.4.27.Final
2021-03-06 21:07:13.128  INFO 8092 --- [restartedMain] o.hibernate.annotations.common.Version   : HCANN000001: Hibernate Commons Annotations {5.1.2.Final}
2021-03-06 21:07:13.587  INFO 8092 --- [restartedMain] org.hibernate.dialect.Dialect            : HHH000400: Using dialect: org.hibernate.dialect.H2Dialect
2021-03-06 21:07:14.303  INFO 8092 --- [restartedMain] o.h.e.t.j.p.i.JtaPlatformInitiator       : HHH000490: Using JtaPlatform implementation: [org.hibernate.engine.transaction.jta.platform.internal.NoJtaPlatform]
2021-03-06 21:07:14.319  INFO 8092 --- [restartedMain] j.LocalContainerEntityManagerFactoryBean : Initialized JPA EntityManagerFactory for persistence unit 'default'
2021-03-06 21:07:14.350  INFO 8092 --- [restartedMain] o.s.b.d.a.OptionalLiveReloadServer       : LiveReload server is running on port 35729
2021-03-06 21:07:14.428  INFO 8092 --- [restartedMain] o.s.s.concurrent.ThreadPoolTaskExecutor  : Initializing ExecutorService
2021-03-06 21:07:14.443  INFO 8092 --- [restartedMain] o.s.s.concurrent.ThreadPoolTaskExecutor  : Initializing ExecutorService 'taskExecutor'
2021-03-06 21:07:14.584  WARN 8092 --- [restartedMain] JpaBaseConfiguration$JpaWebConfiguration : spring.jpa.open-in-view is enabled by default. Therefore, database queries may be performed during view rendering. Explicitly configure spring.jpa.open-in-view to disable this warning
2021-03-06 21:07:17.112  INFO 8092 --- [restartedMain] o.s.b.w.embedded.tomcat.TomcatWebServer  : Tomcat started on port(s): 8080 (http) with context path ''
2021-03-06 21:07:17.127  INFO 8092 --- [restartedMain] com.atg.atgtools.AtgtoolsApplication     : Started AtgtoolsApplication in 16.783 seconds (JVM running for 18.81)
2021-03-06 21:07:27.780  INFO 8092 --- [http-nio-8080-exec-2] o.a.c.c.C.[Tomcat].[localhost].[/]       : Initializing Spring DispatcherServlet 'dispatcherServlet'
2021-03-06 21:07:27.781  INFO 8092 --- [http-nio-8080-exec-2] o.s.web.servlet.DispatcherServlet        : Initializing Servlet 'dispatcherServlet'
2021-03-06 21:07:27.783  INFO 8092 --- [http-nio-8080-exec-2] o.s.web.servlet.DispatcherServlet        : Completed initialization in 2 ms
2021-03-06 21:07:45.002  INFO 8092 --- [http-nio-8080-exec-8] c.a.a.controllers.ATGToolsController     : Before the getATGEnvsStatsJSON call
2021-03-06 21:07:45.038  INFO 8092 --- [http-nio-8080-exec-8] c.a.a.controllers.ATGToolsController     : Start Time: 2021-03-06T21:07:45.038
2021-03-06 21:07:45.048  INFO 8092 --- [http-nio-8080-exec-8] c.atg.atgtools.services.HealthCheckATG   : http-nio-8080-exec-8 Preparing the ATG environment links now
2021-03-06 21:07:45.048  INFO 8092 --- [http-nio-8080-exec-8] c.a.a.services.PrepareATGLinksService    : http-nio-8080-exec-8 Preparing the ATG environment links now
2021-03-06 21:07:45.070  INFO 8092 --- [http-nio-8080-exec-8] c.a.a.services.PrepareATGLinksService    : In createEnvironmentDetailsfromTier 
2021-03-06 21:07:45.084  INFO 8092 --- [http-nio-8080-exec-8] c.a.a.services.PrepareATGLinksService    : In createPersonaDetailsFromEnv 
2021-03-06 21:07:45.085  INFO 8092 --- [http-nio-8080-exec-8] c.a.a.services.PrepareATGLinksService    : In createPersonaDetailsFromEnv 
2021-03-06 21:07:45.086  INFO 8092 --- [http-nio-8080-exec-8] c.a.a.services.PrepareATGLinksService    : In createPersonaDetailsFromEnv 
2021-03-06 21:07:45.089  INFO 8092 --- [http-nio-8080-exec-8] c.a.a.services.PrepareATGLinksService    : In createEnvironmentDetailsfromTier 
2021-03-06 21:07:45.089  INFO 8092 --- [http-nio-8080-exec-8] c.a.a.services.PrepareATGLinksService    : In createPersonaDetailsFromEnv 
2021-03-06 21:07:45.091  INFO 8092 --- [http-nio-8080-exec-8] c.a.a.services.PrepareATGLinksService    : In createPersonaDetailsFromEnv 
2021-03-06 21:07:45.094  INFO 8092 --- [http-nio-8080-exec-8] c.a.a.services.PrepareATGLinksService    : In createEnvironmentDetailsfromTier 
2021-03-06 21:07:45.094  INFO 8092 --- [http-nio-8080-exec-8] c.a.a.services.PrepareATGLinksService    : In createPersonaDetailsFromEnv 
2021-03-06 21:07:45.095  INFO 8092 --- [http-nio-8080-exec-8] c.a.a.services.PrepareATGLinksService    : In createPersonaDetailsFromEnv 
2021-03-06 21:07:45.095  INFO 8092 --- [ForkJoinPool.commonPool-worker-1] c.a.a.services.PrepareATGLinksService    : In createPersonaDetailsFromEnv 
2021-03-06 21:07:45.095  INFO 8092 --- [http-nio-8080-exec-8] c.a.a.services.PrepareATGLinksService    : In createEnvironmentDetailsfromTier 
2021-03-06 21:07:45.096  INFO 8092 --- [http-nio-8080-exec-8] c.atg.atgtools.services.HealthCheckATG   : http-nio-8080-exec-8 Now checking all ATG URLs health
2021-03-06 21:07:45.101  INFO 8092 --- [Thread-10] c.atg.atgtools.services.HealthCheckATG   : Thread-10 For  {"environment":"B&Q PVT","persona":"Agent01","tier":"V","State":0,"Link":"http:\/\/atg-pvtbquk-ndc-app01.ghanp.kfplc.com:8030\/dyn\/admin"}
2021-03-06 21:07:45.101  INFO 8092 --- [Thread-11] c.atg.atgtools.services.HealthCheckATG   : Thread-11 For  {"environment":"B&Q PVT","persona":"Agent02","tier":"V","State":0,"Link":"http:\/\/atg-pvtbquk-ndc-app02.ghanp.kfplc.com:8030\/dyn\/admin"}
2021-03-06 21:07:45.101  INFO 8092 --- [Thread-12] c.atg.atgtools.services.HealthCheckATG   : Thread-12 For  {"environment":"B&Q PVT","persona":"Agent03","tier":"V","State":0,"Link":"http:\/\/atg-pvtbquk-ndc-app03.ghanp.kfplc.com:8030\/dyn\/admin"}
2021-03-06 21:07:45.102  INFO 8092 --- [Thread-14] c.atg.atgtools.services.HealthCheckATG   : Thread-14 For  {"environment":"B&Q PVT","persona":"Agent05","tier":"V","State":0,"Link":"http:\/\/atg-pvtbquk-ndc-app05.ghanp.kfplc.com:8030\/dyn\/admin"}
2021-03-06 21:07:45.102  INFO 8092 --- [Thread-15] c.atg.atgtools.services.HealthCheckATG   : Thread-15 For  {"environment":"B&Q PVT","persona":"Agent06","tier":"V","State":0,"Link":"http:\/\/atg-pvtbquk-ndc-app06.ghanp.kfplc.com:8030\/dyn\/admin"}
2021-03-06 21:07:45.102  INFO 8092 --- [Thread-17] c.atg.atgtools.services.HealthCheckATG   : Thread-17 For  {"environment":"B&Q PVT","persona":"Agent08","tier":"V","State":0,"Link":"http:\/\/atg-pvtbquk-ndc-app08.ghanp.kfplc.com:8030\/dyn\/admin"}
2021-03-06 21:07:45.103  INFO 8092 --- [Thread-19] c.atg.atgtools.services.HealthCheckATG   : Thread-19 For  {"environment":"B&Q PVT","persona":"Agent10","tier":"V","State":0,"Link":"http:\/\/atg-pvtbquk-ndc-app10.ghanp.kfplc.com:8030\/dyn\/admin"}
2021-03-06 21:07:45.104  INFO 8092 --- [Thread-21] c.atg.atgtools.services.HealthCheckATG   : Thread-21 For  {"environment":"B&Q PVT","persona":"Agent12","tier":"V","State":0,"Link":"http:\/\/atg-pvtbquk-ndc-app12.ghanp.kfplc.com:8030\/dyn\/admin"}
2021-03-06 21:07:45.104  INFO 8092 --- [Thread-23] c.atg.atgtools.services.HealthCheckATG   : Thread-23 For  {"environment":"B&Q PVT","persona":"storefront01","tier":"V","State":0,"Link":"http:\/\/atg-pvtbquk-ndc-app01.ghanp.kfplc.com:8080\/dyn\/admin"}
2021-03-06 21:07:45.105  INFO 8092 --- [Thread-25] c.atg.atgtools.services.HealthCheckATG   : Thread-25 For  {"environment":"B&Q PVT","persona":"storefront03","tier":"V","State":0,"Link":"http:\/\/atg-pvtbquk-ndc-app03.ghanp.kfplc.com:8080\/dyn\/admin"}
2021-03-06 21:07:45.143  INFO 8092 --- [Thread-34] c.atg.atgtools.services.HealthCheckATG   : Thread-34 For  {"environment":"B&Q PVT","persona":"storefront12","tier":"V","State":0,"Link":"http:\/\/atg-pvtbquk-ndc-app12.ghanp.kfplc.com:8080\/dyn\/admin"}
2021-03-06 21:07:45.144  INFO 8092 --- [Thread-30] c.atg.atgtools.services.HealthCheckATG   : Thread-30 For  {"environment":"B&Q PVT","persona":"storefront08","tier":"V","State":0,"Link":"http:\/\/atg-pvtbquk-ndc-app08.ghanp.kfplc.com:8080\/dyn\/admin"}
2021-03-06 21:07:45.143  INFO 8092 --- [Thread-32] c.atg.atgtools.services.HealthCheckATG   : Thread-32 For  {"environment":"B&Q PVT","persona":"storefront10","tier":"V","State":0,"Link":"http:\/\/atg-pvtbquk-ndc-app10.ghanp.kfplc.com:8080\/dyn\/admin"}
2021-03-06 21:07:45.144  INFO 8092 --- [Thread-28] c.atg.atgtools.services.HealthCheckATG   : Thread-28 For  {"environment":"B&Q PVT","persona":"storefront06","tier":"V","State":0,"Link":"http:\/\/atg-pvtbquk-ndc-app06.ghanp.kfplc.com:8080\/dyn\/admin"}
2021-03-06 21:07:45.144  INFO 8092 --- [Thread-26] c.atg.atgtools.services.HealthCheckATG   : Thread-26 For  {"environment":"B&Q PVT","persona":"storefront04","tier":"V","State":0,"Link":"http:\/\/atg-pvtbquk-ndc-app04.ghanp.kfplc.com:8080\/dyn\/admin"}
2021-03-06 21:07:45.144  INFO 8092 --- [Thread-24] c.atg.atgtools.services.HealthCheckATG   : Thread-24 For  {"environment":"B&Q PVT","persona":"storefront02","tier":"V","State":0,"Link":"http:\/\/atg-pvtbquk-ndc-app02.ghanp.kfplc.com:8080\/dyn\/admin"}
2021-03-06 21:07:45.144  INFO 8092 --- [Thread-20] c.atg.atgtools.services.HealthCheckATG   : Thread-20 For  {"environment":"B&Q PVT","persona":"Agent11","tier":"V","State":0,"Link":"http:\/\/atg-pvtbquk-ndc-app11.ghanp.kfplc.com:8030\/dyn\/admin"}
2021-03-06 21:07:45.144  INFO 8092 --- [Thread-18] c.atg.atgtools.services.HealthCheckATG   : Thread-18 For  {"environment":"B&Q PVT","persona":"Agent09","tier":"V","State":0,"Link":"http:\/\/atg-pvtbquk-ndc-app09.ghanp.kfplc.com:8030\/dyn\/admin"}
2021-03-06 21:07:45.144  INFO 8092 --- [Thread-33] c.atg.atgtools.services.HealthCheckATG   : Thread-33 For  {"environment":"B&Q PVT","persona":"storefront11","tier":"V","State":0,"Link":"http:\/\/atg-pvtbquk-ndc-app11.ghanp.kfplc.com:8080\/dyn\/admin"}
2021-03-06 21:07:45.145  INFO 8092 --- [Thread-31] c.atg.atgtools.services.HealthCheckATG   : Thread-31 For  {"environment":"B&Q PVT","persona":"storefront09","tier":"V","State":0,"Link":"http:\/\/atg-pvtbquk-ndc-app09.ghanp.kfplc.com:8080\/dyn\/admin"}
2021-03-06 21:07:45.145  INFO 8092 --- [Thread-29] c.atg.atgtools.services.HealthCheckATG   : Thread-29 For  {"environment":"B&Q PVT","persona":"storefront07","tier":"V","State":0,"Link":"http:\/\/atg-pvtbquk-ndc-app07.ghanp.kfplc.com:8080\/dyn\/admin"}
2021-03-06 21:07:45.146  INFO 8092 --- [Thread-22] c.atg.atgtools.services.HealthCheckATG   : Thread-22 For  {"environment":"B&Q PVT","persona":"Agent13","tier":"V","State":0,"Link":"http:\/\/atg-pvtbquk-ndc-app13.ghanp.kfplc.com:8030\/dyn\/admin"}
2021-03-06 21:07:45.146  INFO 8092 --- [Thread-35] c.atg.atgtools.services.HealthCheckATG   : Thread-35 For  {"environment":"B&Q PVT","persona":"storefront13","tier":"V","State":0,"Link":"http:\/\/atg-pvtbquk-ndc-app13.ghanp.kfplc.com:8080\/dyn\/admin"}
2021-03-06 21:07:45.101  INFO 8092 --- [Thread-13] c.atg.atgtools.services.HealthCheckATG   : Thread-13 For  {"environment":"B&Q PVT","persona":"Agent04","tier":"V","State":0,"Link":"http:\/\/atg-pvtbquk-ndc-app04.ghanp.kfplc.com:8030\/dyn\/admin"}
2021-03-06 21:07:45.147  INFO 8092 --- [Thread-27] c.atg.atgtools.services.HealthCheckATG   : Thread-27 For  {"environment":"B&Q PVT","persona":"storefront05","tier":"V","State":0,"Link":"http:\/\/atg-pvtbquk-ndc-app05.ghanp.kfplc.com:8080\/dyn\/admin"}
2021-03-06 21:07:45.148  INFO 8092 --- [Thread-37] c.atg.atgtools.services.HealthCheckATG   : Thread-37 For  {"environment":"B&Q PVT","persona":"publish","tier":"V","State":0,"Link":"http:\/\/atg-pvtbquk-ndc-pub01.ghanp.kfplc.com:8070\/dyn\/admin"}
2021-03-06 21:07:45.148  INFO 8092 --- [Thread-36] c.atg.atgtools.services.HealthCheckATG   : Thread-36 For  {"environment":"B&Q PVT","persona":"fulfillment","tier":"V","State":0,"Link":"http:\/\/atg-pvtbquk-ndc-ful01.ghanp.kfplc.com:8040\/dyn\/admin"}
2021-03-06 21:07:45.150  INFO 8092 --- [Thread-39] c.atg.atgtools.services.HealthCheckATG   : Thread-39 For  {"environment":"B&Q PVT","persona":"AuxAgent","tier":"V","State":0,"Link":"http:\/\/atg-pvtbquk-ndc-aux02.ghanp.kfplc.com:8090\/dyn\/admin"}
2021-03-06 21:07:45.150  INFO 8092 --- [Thread-58] c.atg.atgtools.services.HealthCheckATG   : Thread-58 For  {"environment":"CASTO PVT","persona":"Agent13","tier":"V","State":0,"Link":"http:\/\/atg-pvtcafr-ndc-app13.ghanp.kfplc.com:8030\/dyn\/admin"}
2021-03-06 21:07:45.150  INFO 8092 --- [Thread-43] c.atg.atgtools.services.HealthCheckATG   : Thread-43 For  {"environment":"B&Q PVT","persona":"storefrontLB","tier":"V","State":0,"Link":"https:\/\/pvt11-storefront.diy.com\/"}
2021-03-06 21:07:45.151  INFO 8092 --- [Thread-40] c.atg.atgtools.services.HealthCheckATG   : Thread-40 For  {"environment":"B&Q PVT","persona":"StagingAgent","tier":"V","State":0,"Link":"http:\/\/atg-pvtbquk-ndc-stg01.ghanp.kfplc.com:8100\/dyn\/admin"}
2021-03-06 21:07:45.151  INFO 8092 --- [Thread-63] c.atg.atgtools.services.HealthCheckATG   : Thread-63 For  {"environment":"CASTO PVT","persona":"storefront05","tier":"V","State":0,"Link":"http:\/\/atg-pvtcafr-ndc-app05.ghanp.kfplc.com:8080\/dyn\/admin"}
2021-03-06 21:07:45.151  INFO 8092 --- [Thread-44] c.atg.atgtools.services.HealthCheckATG   : Thread-44 For  {"environment":"B&Q PVT","persona":"Tradepoint","tier":"V","State":0,"Link":"http:\/\/pvt11-storefront.trade-point.co.uk"}
2021-03-06 21:07:45.152  INFO 8092 --- [Thread-46] c.atg.atgtools.services.HealthCheckATG   : Thread-46 For  {"environment":"CASTO PVT","persona":"Agent01","tier":"V","State":0,"Link":"http:\/\/atg-pvtcafr-ndc-app01.ghanp.kfplc.com:8030\/dyn\/admin"}
2021-03-06 21:07:45.152  INFO 8092 --- [Thread-71] c.atg.atgtools.services.HealthCheckATG   : Thread-71 For  {"environment":"CASTO PVT","persona":"storefront13","tier":"V","State":0,"Link":"http:\/\/atg-pvtcafr-ndc-app13.ghanp.kfplc.com:8080\/dyn\/admin"}
2021-03-06 21:07:45.152  INFO 8092 --- [Thread-50] c.atg.atgtools.services.HealthCheckATG   : Thread-50 For  {"environment":"CASTO PVT","persona":"Agent05","tier":"V","State":0,"Link":"http:\/\/atg-pvtcafr-ndc-app05.ghanp.kfplc.com:8030\/dyn\/admin"}
2021-03-06 21:07:45.152  INFO 8092 --- [Thread-73] c.atg.atgtools.services.HealthCheckATG   : Thread-73 For  {"environment":"CASTO PVT","persona":"publish","tier":"V","State":0,"Link":"http:\/\/atg-pvtcafr-ndc-pub01.ghanp.kfplc.com:8070\/dyn\/admin"}
2021-03-06 21:07:45.153  INFO 8092 --- [Thread-54] c.atg.atgtools.services.HealthCheckATG   : Thread-54 For  {"environment":"CASTO PVT","persona":"Agent09","tier":"V","State":0,"Link":"http:\/\/atg-pvtcafr-ndc-app09.ghanp.kfplc.com:8030\/dyn\/admin"}
2021-03-06 21:07:45.153  INFO 8092 --- [Thread-56] c.atg.atgtools.services.HealthCheckATG   : Thread-56 For  {"environment":"CASTO PVT","persona":"Agent11","tier":"V","State":0,"Link":"http:\/\/atg-pvtcafr-ndc-app11.ghanp.kfplc.com:8030\/dyn\/admin"}
2021-03-06 21:07:45.153  INFO 8092 --- [Thread-41] c.atg.atgtools.services.HealthCheckATG   : Thread-41 For  {"environment":"B&Q PVT","persona":"Staging","tier":"V","State":0,"Link":"http:\/\/atg-pvtbquk-ndc-stg01.ghanp.kfplc.com:8060\/dyn\/admin"}
2021-03-06 21:07:45.154  INFO 8092 --- [Thread-64] c.atg.atgtools.services.HealthCheckATG   : Thread-64 For  {"environment":"CASTO PVT","persona":"storefront06","tier":"V","State":0,"Link":"http:\/\/atg-pvtcafr-ndc-app06.ghanp.kfplc.com:8080\/dyn\/admin"}
2021-03-06 21:07:45.154  INFO 8092 --- [Thread-49] c.atg.atgtools.services.HealthCheckATG   : Thread-49 For  {"environment":"CASTO PVT","persona":"Agent04","tier":"V","State":0,"Link":"http:\/\/atg-pvtcafr-ndc-app04.ghanp.kfplc.com:8030\/dyn\/admin"}
2021-03-06 21:07:45.154  INFO 8092 --- [Thread-51] c.atg.atgtools.services.HealthCheckATG   : Thread-51 For  {"environment":"CASTO PVT","persona":"Agent06","tier":"V","State":0,"Link":"http:\/\/atg-pvtcafr-ndc-app06.ghanp.kfplc.com:8030\/dyn\/admin"}
2021-03-06 21:07:45.154  INFO 8092 --- [Thread-53] c.atg.atgtools.services.HealthCheckATG   : Thread-53 For  {"environment":"CASTO PVT","persona":"Agent08","tier":"V","State":0,"Link":"http:\/\/atg-pvtcafr-ndc-app08.ghanp.kfplc.com:8030\/dyn\/admin"}
2021-03-06 21:07:45.155  INFO 8092 --- [Thread-55] c.atg.atgtools.services.HealthCheckATG   : Thread-55 For  {"environment":"CASTO PVT","persona":"Agent10","tier":"V","State":0,"Link":"http:\/\/atg-pvtcafr-ndc-app10.ghanp.kfplc.com:8030\/dyn\/admin"}
2021-03-06 21:07:45.155  INFO 8092 --- [Thread-57] c.atg.atgtools.services.HealthCheckATG   : Thread-57 For  {"environment":"CASTO PVT","persona":"Agent12","tier":"V","State":0,"Link":"http:\/\/atg-pvtcafr-ndc-app12.ghanp.kfplc.com:8030\/dyn\/admin"}
2021-03-06 21:07:45.155  INFO 8092 --- [Thread-59] c.atg.atgtools.services.HealthCheckATG   : Thread-59 For  {"environment":"CASTO PVT","persona":"storefront01","tier":"V","State":0,"Link":"http:\/\/atg-pvtcafr-ndc-app01.ghanp.kfplc.com:8080\/dyn\/admin"}
2021-03-06 21:07:45.155  INFO 8092 --- [Thread-61] c.atg.atgtools.services.HealthCheckATG   : Thread-61 For  {"environment":"CASTO PVT","persona":"storefront03","tier":"V","State":0,"Link":"http:\/\/atg-pvtcafr-ndc-app03.ghanp.kfplc.com:8080\/dyn\/admin"}
2021-03-06 21:07:45.155  INFO 8092 --- [Thread-38] c.atg.atgtools.services.HealthCheckATG   : Thread-38 For  {"environment":"B&Q PVT","persona":"AuxStorefront","tier":"V","State":0,"Link":"http:\/\/atg-pvtbquk-ndc-aux01.ghanp.kfplc.com:8050\/dyn\/admin"}
2021-03-06 21:07:45.155  INFO 8092 --- [Thread-65] c.atg.atgtools.services.HealthCheckATG   : Thread-65 For  {"environment":"CASTO PVT","persona":"storefront07","tier":"V","State":0,"Link":"http:\/\/atg-pvtcafr-ndc-app07.ghanp.kfplc.com:8080\/dyn\/admin"}
2021-03-06 21:07:45.155  INFO 8092 --- [Thread-42] c.atg.atgtools.services.HealthCheckATG   : Thread-42 For  {"environment":"B&Q PVT","persona":"AgentLB","tier":"V","State":0,"Link":"https:\/\/pvt11-agent.diy.com\/agent-front\/"}
2021-03-06 21:07:45.156  INFO 8092 --- [Thread-67] c.atg.atgtools.services.HealthCheckATG   : Thread-67 For  {"environment":"CASTO PVT","persona":"storefront09","tier":"V","State":0,"Link":"http:\/\/atg-pvtcafr-ndc-app09.ghanp.kfplc.com:8080\/dyn\/admin"}
2021-03-06 21:07:45.156  INFO 8092 --- [Thread-60] c.atg.atgtools.services.HealthCheckATG   : Thread-60 For  {"environment":"CASTO PVT","persona":"storefront02","tier":"V","State":0,"Link":"http:\/\/atg-pvtcafr-ndc-app02.ghanp.kfplc.com:8080\/dyn\/admin"}
2021-03-06 21:07:45.156  INFO 8092 --- [Thread-69] c.atg.atgtools.services.HealthCheckATG   : Thread-69 For  {"environment":"CASTO PVT","persona":"storefront11","tier":"V","State":0,"Link":"http:\/\/atg-pvtcafr-ndc-app11.ghanp.kfplc.com:8080\/dyn\/admin"}
2021-03-06 21:07:45.156  INFO 8092 --- [Thread-75] c.atg.atgtools.services.HealthCheckATG   : Thread-75 For  {"environment":"CASTO PVT","persona":"AuxAgent","tier":"V","State":0,"Link":"http:\/\/atg-pvtcafr-ndc-aux02.ghanp.kfplc.com:8090\/dyn\/admin"}
2021-03-06 21:07:45.156  INFO 8092 --- [Thread-52] c.atg.atgtools.services.HealthCheckATG   : Thread-52 For  {"environment":"CASTO PVT","persona":"Agent07","tier":"V","State":0,"Link":"http:\/\/atg-pvtcafr-ndc-app07.ghanp.kfplc.com:8030\/dyn\/admin"}
2021-03-06 21:07:45.157  INFO 8092 --- [Thread-77] c.atg.atgtools.services.HealthCheckATG   : Thread-77 For  {"environment":"CASTO PVT","persona":"Staging","tier":"V","State":0,"Link":"http:\/\/atg-pvtcafr-ndc-stg01.ghanp.kfplc.com:8060\/dyn\/admin"}
2021-03-06 21:07:45.157  INFO 8092 --- [Thread-62] c.atg.atgtools.services.HealthCheckATG   : Thread-62 For  {"environment":"CASTO PVT","persona":"storefront04","tier":"V","State":0,"Link":"http:\/\/atg-pvtcafr-ndc-app04.ghanp.kfplc.com:8080\/dyn\/admin"}
2021-03-06 21:07:45.157  INFO 8092 --- [Thread-79] c.atg.atgtools.services.HealthCheckATG   : Thread-79 For  {"environment":"CASTO PVT","persona":"storefrontLB","tier":"V","State":0,"Link":"https:\/\/pvt11-storefront.castorama.fr"}
2021-03-06 21:07:45.157  INFO 8092 --- [Thread-81] c.atg.atgtools.services.HealthCheckATG   : Thread-81 For  {"environment":"CAPL PVT","persona":"Agent01","tier":"V","State":0,"Link":"http:\/\/atg-pvtcapl-ndc-app01.ghanp.kfplc.com:8030\/dyn\/admin"}
2021-03-06 21:07:45.157  INFO 8092 --- [Thread-45] c.atg.atgtools.services.HealthCheckATG   : Thread-45 For  {"environment":"B&Q PVT","persona":"atgbcc","tier":"V","State":0,"Link":"http:\/\/atg-pvtbquk-ndc-pub01.ghanp.kfplc.com:8070\/atg\/bcc"}
2021-03-06 21:07:45.157  INFO 8092 --- [Thread-66] c.atg.atgtools.services.HealthCheckATG   : Thread-66 For  {"environment":"CASTO PVT","persona":"storefront08","tier":"V","State":0,"Link":"http:\/\/atg-pvtcafr-ndc-app08.ghanp.kfplc.com:8080\/dyn\/admin"}
2021-03-06 21:07:45.157  INFO 8092 --- [Thread-68] c.atg.atgtools.services.HealthCheckATG   : Thread-68 For  {"environment":"CASTO PVT","persona":"storefront10","tier":"V","State":0,"Link":"http:\/\/atg-pvtcafr-ndc-app10.ghanp.kfplc.com:8080\/dyn\/admin"}
2021-03-06 21:07:45.158  INFO 8092 --- [Thread-70] c.atg.atgtools.services.HealthCheckATG   : Thread-70 For  {"environment":"CASTO PVT","persona":"storefront12","tier":"V","State":0,"Link":"http:\/\/atg-pvtcafr-ndc-app12.ghanp.kfplc.com:8080\/dyn\/admin"}
2021-03-06 21:07:45.158  INFO 8092 --- [Thread-72] c.atg.atgtools.services.HealthCheckATG   : Thread-72 For  {"environment":"CASTO PVT","persona":"fulfillment","tier":"V","State":0,"Link":"http:\/\/atg-pvtcafr-ndc-ful01.ghanp.kfplc.com:8040\/dyn\/admin"}
2021-03-06 21:07:45.158  INFO 8092 --- [Thread-74] c.atg.atgtools.services.HealthCheckATG   : Thread-74 For  {"environment":"CASTO PVT","persona":"AuxStorefront","tier":"V","State":0,"Link":"http:\/\/atg-pvtcafr-ndc-aux01.ghanp.kfplc.com:8050\/dyn\/admin"}
2021-03-06 21:07:45.158  INFO 8092 --- [Thread-76] c.atg.atgtools.services.HealthCheckATG   : Thread-76 For  {"environment":"CASTO PVT","persona":"StagingAgent","tier":"V","State":0,"Link":"http:\/\/atg-pvtcafr-ndc-stg01.ghanp.kfplc.com:8100\/dyn\/admin"}
2021-03-06 21:07:45.158  INFO 8092 --- [Thread-78] c.atg.atgtools.services.HealthCheckATG   : Thread-78 For  {"environment":"CASTO PVT","persona":"AgentLB","tier":"V","State":0,"Link":"https:\/\/pvt11-agent.castorama.fr\/agent-front\/"}
2021-03-06 21:07:45.158  INFO 8092 --- [Thread-80] c.atg.atgtools.services.HealthCheckATG   : Thread-80 For  {"environment":"CASTO PVT","persona":"atgbcc","tier":"V","State":0,"Link":"http:\/\/atg-pvtcafr-ndc-pub01.ghanp.kfplc.com:8070\/atg\/bcc"}
2021-03-06 21:07:45.158  INFO 8092 --- [Thread-82] c.atg.atgtools.services.HealthCheckATG   : Thread-82 For  {"environment":"CAPL PVT","persona":"Agent02","tier":"V","State":0,"Link":"http:\/\/atg-pvtcapl-ndc-app02.ghanp.kfplc.com:8030\/dyn\/admin"}
2021-03-06 21:07:45.177  INFO 8092 --- [Thread-85] c.atg.atgtools.services.HealthCheckATG   : Thread-85 For  {"environment":"CAPL PVT","persona":"Agent05","tier":"V","State":0,"Link":"http:\/\/atg-pvtcapl-ndc-app05.ghanp.kfplc.com:8030\/dyn\/admin"}
2021-03-06 21:07:45.179  INFO 8092 --- [Thread-84] c.atg.atgtools.services.HealthCheckATG   : Thread-84 For  {"environment":"CAPL PVT","persona":"Agent04","tier":"V","State":0,"Link":"http:\/\/atg-pvtcapl-ndc-app04.ghanp.kfplc.com:8030\/dyn\/admin"}
2021-03-06 21:07:45.180  INFO 8092 --- [Thread-86] c.atg.atgtools.services.HealthCheckATG   : Thread-86 For  {"environment":"CAPL PVT","persona":"Agent06","tier":"V","State":0,"Link":"http:\/\/atg-pvtcapl-ndc-app06.ghanp.kfplc.com:8030\/dyn\/admin"}
2021-03-06 21:07:45.180  INFO 8092 --- [Thread-88] c.atg.atgtools.services.HealthCheckATG   : Thread-88 For  {"environment":"CAPL PVT","persona":"storefront02","tier":"V","State":0,"Link":"http:\/\/atg-pvtcapl-ndc-app02.ghanp.kfplc.com:8080\/dyn\/admin"}
2021-03-06 21:07:45.181  INFO 8092 --- [Thread-90] c.atg.atgtools.services.HealthCheckATG   : Thread-90 For  {"environment":"CAPL PVT","persona":"storefront04","tier":"V","State":0,"Link":"http:\/\/atg-pvtcapl-ndc-app04.ghanp.kfplc.com:8080\/dyn\/admin"}
2021-03-06 21:07:45.182  INFO 8092 --- [Thread-92] c.atg.atgtools.services.HealthCheckATG   : Thread-92 For  {"environment":"CAPL PVT","persona":"storefront06","tier":"V","State":0,"Link":"http:\/\/atg-pvtcapl-ndc-app06.ghanp.kfplc.com:8080\/dyn\/admin"}
2021-03-06 21:07:45.182  INFO 8092 --- [Thread-94] c.atg.atgtools.services.HealthCheckATG   : Thread-94 For  {"environment":"CAPL PVT","persona":"publish","tier":"V","State":0,"Link":"http:\/\/atg-pvtcapl-ndc-pub01.ghanp.kfplc.com:8070\/dyn\/admin"}
2021-03-06 21:07:45.183  INFO 8092 --- [Thread-96] c.atg.atgtools.services.HealthCheckATG   : Thread-96 For  {"environment":"CAPL PVT","persona":"AuxAgent","tier":"V","State":0,"Link":"http:\/\/atg-pvtcapl-ndc-aux02.ghanp.kfplc.com:8090\/dyn\/admin"}
2021-03-06 21:07:45.184  INFO 8092 --- [Thread-105] c.atg.atgtools.services.HealthCheckATG   : Thread-105 For  {"environment":"B&Q PFT","persona":"Agent04","tier":"Q","State":0,"Link":"http:\/\/atg-pftbquk-ndc-app04.ghanp.kfplc.com:8030\/dyn\/admin"}
2021-03-06 21:07:45.184  INFO 8092 --- [Thread-98] c.atg.atgtools.services.HealthCheckATG   : Thread-98 For  {"environment":"CAPL PVT","persona":"Staging","tier":"V","State":0,"Link":"http:\/\/atg-pvtcapl-ndc-stg01.ghanp.kfplc.com:8060\/dyn\/admin"}
2021-03-06 21:07:45.185  INFO 8092 --- [Thread-89] c.atg.atgtools.services.HealthCheckATG   : Thread-89 For  {"environment":"CAPL PVT","persona":"storefront03","tier":"V","State":0,"Link":"http:\/\/atg-pvtcapl-ndc-app03.ghanp.kfplc.com:8080\/dyn\/admin"}
2021-03-06 21:07:45.185  INFO 8092 --- [Thread-100] c.atg.atgtools.services.HealthCheckATG   : Thread-100 For  {"environment":"CAPL PVT","persona":"storefrontLB","tier":"V","State":0,"Link":"http:\/\/pvt11-storefront.castorama.pl"}
2021-03-06 21:07:45.187  INFO 8092 --- [Thread-93] c.atg.atgtools.services.HealthCheckATG   : Thread-93 For  {"environment":"CAPL PVT","persona":"fulfillment","tier":"V","State":0,"Link":"http:\/\/atg-pvtcapl-ndc-ful01.ghanp.kfplc.com:8040\/dyn\/admin"}
2021-03-06 21:07:45.188  INFO 8092 --- [Thread-95] c.atg.atgtools.services.HealthCheckATG   : Thread-95 For  {"environment":"CAPL PVT","persona":"AuxStorefront","tier":"V","State":0,"Link":"http:\/\/atg-pvtcapl-ndc-aux01.ghanp.kfplc.com:8050\/dyn\/admin"}
2021-03-06 21:07:45.188  INFO 8092 --- [Thread-97] c.atg.atgtools.services.HealthCheckATG   : Thread-97 For  {"environment":"CAPL PVT","persona":"StagingAgent","tier":"V","State":0,"Link":"http:\/\/atg-pvtcapl-ndc-stg01.ghanp.kfplc.com:8100\/dyn\/admin"}
2021-03-06 21:07:45.189  INFO 8092 --- [Thread-99] c.atg.atgtools.services.HealthCheckATG   : Thread-99 For  {"environment":"CAPL PVT","persona":"AgentLB","tier":"V","State":0,"Link":"http:\/\/pvt11-agent.castorama.pl\/agent-front\/"}
2021-03-06 21:07:45.193  INFO 8092 --- [Thread-101] c.atg.atgtools.services.HealthCheckATG   : Thread-101 For  {"environment":"CAPL PVT","persona":"atgbcc","tier":"V","State":0,"Link":"http:\/\/atg-pvtcapl-ndc-pub01.ghanp.kfplc.com:8070\/atg\/bcc"}
2021-03-06 21:07:45.194  INFO 8092 --- [Thread-103] c.atg.atgtools.services.HealthCheckATG   : Thread-103 For  {"environment":"B&Q PFT","persona":"Agent02","tier":"Q","State":0,"Link":"http:\/\/atg-pftbquk-ndc-app02.ghanp.kfplc.com:8030\/dyn\/admin"}
2021-03-06 21:07:45.195  INFO 8092 --- [Thread-87] c.atg.atgtools.services.HealthCheckATG   : Thread-87 For  {"environment":"CAPL PVT","persona":"storefront01","tier":"V","State":0,"Link":"http:\/\/atg-pvtcapl-ndc-app01.ghanp.kfplc.com:8080\/dyn\/admin"}
2021-03-06 21:07:45.197  INFO 8092 --- [Thread-107] c.atg.atgtools.services.HealthCheckATG   : Thread-107 For  {"environment":"B&Q PFT","persona":"Agent06","tier":"Q","State":0,"Link":"http:\/\/atg-pftbquk-ndc-app06.ghanp.kfplc.com:8030\/dyn\/admin"}
2021-03-06 21:07:45.199  INFO 8092 --- [Thread-109] c.atg.atgtools.services.HealthCheckATG   : Thread-109 For  {"environment":"B&Q PFT","persona":"Agent08","tier":"Q","State":0,"Link":"http:\/\/atg-pftbquk-ndc-app08.ghanp.kfplc.com:8030\/dyn\/admin"}
2021-03-06 21:07:45.199  INFO 8092 --- [Thread-111] c.atg.atgtools.services.HealthCheckATG   : Thread-111 For  {"environment":"B&Q PFT","persona":"Agent10","tier":"Q","State":0,"Link":"http:\/\/atg-pftbquk-ndc-app10.ghanp.kfplc.com:8030\/dyn\/admin"}
2021-03-06 21:07:45.200  INFO 8092 --- [Thread-91] c.atg.atgtools.services.HealthCheckATG   : Thread-91 For  {"environment":"CAPL PVT","persona":"storefront05","tier":"V","State":0,"Link":"http:\/\/atg-pvtcapl-ndc-app05.ghanp.kfplc.com:8080\/dyn\/admin"}
2021-03-06 21:07:45.200  INFO 8092 --- [Thread-102] c.atg.atgtools.services.HealthCheckATG   : Thread-102 For  {"environment":"B&Q PFT","persona":"Agent01","tier":"Q","State":0,"Link":"http:\/\/atg-pftbquk-ndc-app01.ghanp.kfplc.com:8030\/dyn\/admin"}
2021-03-06 21:07:45.201  INFO 8092 --- [Thread-104] c.atg.atgtools.services.HealthCheckATG   : Thread-104 For  {"environment":"B&Q PFT","persona":"Agent03","tier":"Q","State":0,"Link":"http:\/\/atg-pftbquk-ndc-app03.ghanp.kfplc.com:8030\/dyn\/admin"}
2021-03-06 21:07:45.201  INFO 8092 --- [Thread-106] c.atg.atgtools.services.HealthCheckATG   : Thread-106 For  {"environment":"B&Q PFT","persona":"Agent05","tier":"Q","State":0,"Link":"http:\/\/atg-pftbquk-ndc-app05.ghanp.kfplc.com:8030\/dyn\/admin"}
2021-03-06 21:07:45.204  INFO 8092 --- [Thread-108] c.atg.atgtools.services.HealthCheckATG   : Thread-108 For  {"environment":"B&Q PFT","persona":"Agent07","tier":"Q","State":0,"Link":"http:\/\/atg-pftbquk-ndc-app07.ghanp.kfplc.com:8030\/dyn\/admin"}
2021-03-06 21:07:45.204  INFO 8092 --- [Thread-110] c.atg.atgtools.services.HealthCheckATG   : Thread-110 For  {"environment":"B&Q PFT","persona":"Agent09","tier":"Q","State":0,"Link":"http:\/\/atg-pftbquk-ndc-app09.ghanp.kfplc.com:8030\/dyn\/admin"}
2021-03-06 21:07:45.204  INFO 8092 --- [Thread-112] c.atg.atgtools.services.HealthCheckATG   : Thread-112 For  {"environment":"B&Q PFT","persona":"Agent11","tier":"Q","State":0,"Link":"http:\/\/atg-pftbquk-ndc-app11.ghanp.kfplc.com:8030\/dyn\/admin"}
2021-03-06 21:07:45.204  INFO 8092 --- [Thread-114] c.atg.atgtools.services.HealthCheckATG   : Thread-114 For  {"environment":"B&Q PFT","persona":"Agent13","tier":"Q","State":0,"Link":"http:\/\/atg-pftbquk-ndc-app13.ghanp.kfplc.com:8030\/dyn\/admin"}
2021-03-06 21:07:45.204  INFO 8092 --- [Thread-116] c.atg.atgtools.services.HealthCheckATG   : Thread-116 For  {"environment":"B&Q PFT","persona":"storefront02","tier":"Q","State":0,"Link":"http:\/\/atg-pftbquk-ndc-app02.ghanp.kfplc.com:8080\/dyn\/admin"}
2021-03-06 21:07:45.205  INFO 8092 --- [Thread-118] c.atg.atgtools.services.HealthCheckATG   : Thread-118 For  {"environment":"B&Q PFT","persona":"storefront04","tier":"Q","State":0,"Link":"http:\/\/atg-pftbquk-ndc-app04.ghanp.kfplc.com:8080\/dyn\/admin"}
2021-03-06 21:07:45.205  INFO 8092 --- [Thread-120] c.atg.atgtools.services.HealthCheckATG   : Thread-120 For  {"environment":"B&Q PFT","persona":"storefront06","tier":"Q","State":0,"Link":"http:\/\/atg-pftbquk-ndc-app06.ghanp.kfplc.com:8080\/dyn\/admin"}
2021-03-06 21:07:45.205  INFO 8092 --- [Thread-122] c.atg.atgtools.services.HealthCheckATG   : Thread-122 For  {"environment":"B&Q PFT","persona":"storefront08","tier":"Q","State":0,"Link":"http:\/\/atg-pftbquk-ndc-app08.ghanp.kfplc.com:8080\/dyn\/admin"}
2021-03-06 21:07:45.205  INFO 8092 --- [Thread-124] c.atg.atgtools.services.HealthCheckATG   : Thread-124 For  {"environment":"B&Q PFT","persona":"storefront10","tier":"Q","State":0,"Link":"http:\/\/atg-pftbquk-ndc-app10.ghanp.kfplc.com:8080\/dyn\/admin"}
2021-03-06 21:07:45.205  INFO 8092 --- [Thread-126] c.atg.atgtools.services.HealthCheckATG   : Thread-126 For  {"environment":"B&Q PFT","persona":"storefront12","tier":"Q","State":0,"Link":"http:\/\/atg-pftbquk-ndc-app12.ghanp.kfplc.com:8080\/dyn\/admin"}
2021-03-06 21:07:45.206  INFO 8092 --- [Thread-128] c.atg.atgtools.services.HealthCheckATG   : Thread-128 For  {"environment":"B&Q PFT","persona":"fulfillment","tier":"Q","State":0,"Link":"http:\/\/atg-pftbquk-ndc-ful01.ghanp.kfplc.com:8040\/dyn\/admin"}
2021-03-06 21:07:45.206  INFO 8092 --- [Thread-130] c.atg.atgtools.services.HealthCheckATG   : Thread-130 For  {"environment":"B&Q PFT","persona":"AuxStorefront","tier":"Q","State":0,"Link":"http:\/\/atg-pftbquk-ndc-aux01.ghanp.kfplc.com:8050\/dyn\/admin"}
2021-03-06 21:07:45.207  INFO 8092 --- [Thread-136] c.atg.atgtools.services.HealthCheckATG   : Thread-136 For  {"environment":"B&Q PFT","persona":"Tradepoint","tier":"Q","State":0,"Link":"https:\/\/pft-storefront.trade-point.co.uk"}
2021-03-06 21:07:45.210  INFO 8092 --- [Thread-16] c.atg.atgtools.services.HealthCheckATG   : Thread-16 For  {"environment":"B&Q PVT","persona":"Agent07","tier":"V","State":0,"Link":"http:\/\/atg-pvtbquk-ndc-app07.ghanp.kfplc.com:8030\/dyn\/admin"}
2021-03-06 21:07:45.206  INFO 8092 --- [Thread-132] c.atg.atgtools.services.HealthCheckATG   : Thread-132 For  {"environment":"B&Q PFT","persona":"StagingAgent","tier":"Q","State":0,"Link":"http:\/\/atg-pftbquk-ndc-stg01.ghanp.kfplc.com:8100\/dyn\/admin"}
2021-03-06 21:07:45.206  INFO 8092 --- [Thread-134] c.atg.atgtools.services.HealthCheckATG   : Thread-134 For  {"environment":"B&Q PFT","persona":"AgentLB","tier":"Q","State":0,"Link":"https:\/\/pft-agent.uk.b-and-q.com\/agent-front\/"}
2021-03-06 21:07:45.207  INFO 8092 --- [Thread-138] c.atg.atgtools.services.HealthCheckATG   : Thread-138 For  {"environment":"CASTO PFT","persona":"Agent01","tier":"Q","State":0,"Link":"http:\/\/atg-pftcafr-ndc-app01.ghanp.kfplc.com:8030\/dyn\/admin"}
2021-03-06 21:07:45.207  INFO 8092 --- [Thread-140] c.atg.atgtools.services.HealthCheckATG   : Thread-140 For  {"environment":"CASTO PFT","persona":"Agent03","tier":"Q","State":0,"Link":"http:\/\/atg-pftcafr-ndc-app03.ghanp.kfplc.com:8030\/dyn\/admin"}
2021-03-06 21:07:45.219  INFO 8092 --- [Thread-162] c.atg.atgtools.services.HealthCheckATG   : Thread-162 For  {"environment":"CASTO PFT","persona":"storefront12","tier":"Q","State":0,"Link":"http:\/\/atg-pftcafr-ndc-app12.ghanp.kfplc.com:8080\/dyn\/admin"}
2021-03-06 21:07:45.219  INFO 8092 --- [Thread-164] c.atg.atgtools.services.HealthCheckATG   : Thread-164 For  {"environment":"CASTO PFT","persona":"fulfillment","tier":"Q","State":0,"Link":"http:\/\/atg-pftcafr-ndc-ful01.ghanp.kfplc.com:8040\/dyn\/admin"}
2021-03-06 21:07:45.219  INFO 8092 --- [Thread-166] c.atg.atgtools.services.HealthCheckATG   : Thread-166 For  {"environment":"CASTO PFT","persona":"AuxStorefront","tier":"Q","State":0,"Link":"http:\/\/atg-pftcafr-ndc-aux01.ghanp.kfplc.com:8050\/dyn\/admin"}
2021-03-06 21:07:45.220  INFO 8092 --- [Thread-168] c.atg.atgtools.services.HealthCheckATG   : Thread-168 For  {"environment":"CASTO PFT","persona":"StagingAgent","tier":"Q","State":0,"Link":"http:\/\/atg-pftcafr-ndc-stg01.ghanp.kfplc.com:8100\/dyn\/admin"}
2021-03-06 21:07:45.220  INFO 8092 --- [Thread-170] c.atg.atgtools.services.HealthCheckATG   : Thread-170 For  {"environment":"CASTO PFT","persona":"AgentLB","tier":"Q","State":0,"Link":"https:\/\/pft11-agent.castorama.fr\/agent-front\/"}
2021-03-06 21:07:45.220  INFO 8092 --- [Thread-172] c.atg.atgtools.services.HealthCheckATG   : Thread-172 For  {"environment":"CASTO PFT","persona":"atgbcc","tier":"Q","State":0,"Link":"http:\/\/atg-pftcafr-ndc-pub01.ghanp.kfplc.com:8070\/atg\/bcc"}
2021-03-06 21:07:45.220  INFO 8092 --- [Thread-174] c.atg.atgtools.services.HealthCheckATG   : Thread-174 For  {"environment":"B&Q F TIER","persona":"Agent02","tier":"F","State":0,"Link":"http:\/\/atg-sitbquk-aws-app02.aws.ghanp.kfplc.com:8030\/dyn\/admin"}
2021-03-06 21:07:45.220  INFO 8092 --- [Thread-176] c.atg.atgtools.services.HealthCheckATG   : Thread-176 For  {"environment":"B&Q F TIER","persona":"storefront02","tier":"F","State":0,"Link":"http:\/\/atg-sitbquk-aws-app02.aws.ghanp.kfplc.com:8080\/dyn\/admin"}
2021-03-06 21:07:45.221  INFO 8092 --- [Thread-178] c.atg.atgtools.services.HealthCheckATG   : Thread-178 For  {"environment":"B&Q F TIER","persona":"publish","tier":"F","State":0,"Link":"http:\/\/atg-sitbquk-aws-pub01.aws.ghanp.kfplc.com:8070\/dyn\/admin"}
2021-03-06 21:07:45.221  INFO 8092 --- [Thread-180] c.atg.atgtools.services.HealthCheckATG   : Thread-180 For  {"environment":"B&Q F TIER","persona":"AuxAgent","tier":"F","State":0,"Link":"http:\/\/atg-sitbquk-aws-aux02.aws.ghanp.kfplc.com:8090\/dyn\/admin"}
2021-03-06 21:07:45.221  INFO 8092 --- [Thread-182] c.atg.atgtools.services.HealthCheckATG   : Thread-182 For  {"environment":"B&Q F TIER","persona":"Staging","tier":"F","State":0,"Link":"http:\/\/atg-sitbquk-aws-stg01.aws.ghanp.kfplc.com:8060\/dyn\/admin"}
2021-03-06 21:07:45.216  INFO 8092 --- [Thread-113] c.atg.atgtools.services.HealthCheckATG   : Thread-113 For  {"environment":"B&Q PFT","persona":"Agent12","tier":"Q","State":0,"Link":"http:\/\/atg-pftbquk-ndc-app12.ghanp.kfplc.com:8030\/dyn\/admin"}
2021-03-06 21:07:45.154  INFO 8092 --- [Thread-47] c.atg.atgtools.services.HealthCheckATG   : Thread-47 For  {"environment":"CASTO PVT","persona":"Agent02","tier":"V","State":0,"Link":"http:\/\/atg-pvtcafr-ndc-app02.ghanp.kfplc.com:8030\/dyn\/admin"}
2021-03-06 21:07:45.221  INFO 8092 --- [Thread-184] c.atg.atgtools.services.HealthCheckATG   : Thread-184 For  {"environment":"B&Q F TIER","persona":"storefrontLB","tier":"F","State":0,"Link":"http:\/\/sitbquk-storefront.aws.ghanp.kfplc.com"}
2021-03-06 21:07:45.156  INFO 8092 --- [Thread-48] c.atg.atgtools.services.HealthCheckATG   : Thread-48 For  {"environment":"CASTO PVT","persona":"Agent03","tier":"V","State":0,"Link":"http:\/\/atg-pvtcafr-ndc-app03.ghanp.kfplc.com:8030\/dyn\/admin"}
2021-03-06 21:07:45.222  INFO 8092 --- [Thread-186] c.atg.atgtools.services.HealthCheckATG   : Thread-186 For  {"environment":"B&Q F TIER","persona":"atgbcc","tier":"F","State":0,"Link":"http:\/\/atg-sitbquk-aws-pub01.aws.ghanp.kfplc.com:8070\/atg\/bcc"}
2021-03-06 21:07:45.236  INFO 8092 --- [Thread-115] c.atg.atgtools.services.HealthCheckATG   : Thread-115 For  {"environment":"B&Q PFT","persona":"storefront01","tier":"Q","State":0,"Link":"http:\/\/atg-pftbquk-ndc-app01.ghanp.kfplc.com:8080\/dyn\/admin"}
2021-03-06 21:07:45.157  INFO 8092 --- [Thread-83] c.atg.atgtools.services.HealthCheckATG   : Thread-83 For  {"environment":"CAPL PVT","persona":"Agent03","tier":"V","State":0,"Link":"http:\/\/atg-pvtcapl-ndc-app03.ghanp.kfplc.com:8030\/dyn\/admin"}
2021-03-06 21:07:45.237  INFO 8092 --- [Thread-117] c.atg.atgtools.services.HealthCheckATG   : Thread-117 For  {"environment":"B&Q PFT","persona":"storefront03","tier":"Q","State":0,"Link":"http:\/\/atg-pftbquk-ndc-app03.ghanp.kfplc.com:8080\/dyn\/admin"}
2021-03-06 21:07:45.237  INFO 8092 --- [Thread-119] c.atg.atgtools.services.HealthCheckATG   : Thread-119 For  {"environment":"B&Q PFT","persona":"storefront05","tier":"Q","State":0,"Link":"http:\/\/atg-pftbquk-ndc-app05.ghanp.kfplc.com:8080\/dyn\/admin"}
2021-03-06 21:07:45.238  INFO 8092 --- [Thread-121] c.atg.atgtools.services.HealthCheckATG   : Thread-121 For  {"environment":"B&Q PFT","persona":"storefront07","tier":"Q","State":0,"Link":"http:\/\/atg-pftbquk-ndc-app07.ghanp.kfplc.com:8080\/dyn\/admin"}
2021-03-06 21:07:45.238  INFO 8092 --- [Thread-123] c.atg.atgtools.services.HealthCheckATG   : Thread-123 For  {"environment":"B&Q PFT","persona":"storefront09","tier":"Q","State":0,"Link":"http:\/\/atg-pftbquk-ndc-app09.ghanp.kfplc.com:8080\/dyn\/admin"}
2021-03-06 21:07:45.238  INFO 8092 --- [Thread-125] c.atg.atgtools.services.HealthCheckATG   : Thread-125 For  {"environment":"B&Q PFT","persona":"storefront11","tier":"Q","State":0,"Link":"http:\/\/atg-pftbquk-ndc-app11.ghanp.kfplc.com:8080\/dyn\/admin"}
2021-03-06 21:07:45.239  INFO 8092 --- [Thread-127] c.atg.atgtools.services.HealthCheckATG   : Thread-127 For  {"environment":"B&Q PFT","persona":"storefront13","tier":"Q","State":0,"Link":"http:\/\/atg-pftbquk-ndc-app13.ghanp.kfplc.com:8080\/dyn\/admin"}
2021-03-06 21:07:45.239  INFO 8092 --- [Thread-129] c.atg.atgtools.services.HealthCheckATG   : Thread-129 For  {"environment":"B&Q PFT","persona":"publish","tier":"Q","State":0,"Link":"http:\/\/atg-pftbquk-ndc-pub01.ghanp.kfplc.com:8070\/dyn\/admin"}
2021-03-06 21:07:45.239  INFO 8092 --- [Thread-131] c.atg.atgtools.services.HealthCheckATG   : Thread-131 For  {"environment":"B&Q PFT","persona":"AuxAgent","tier":"Q","State":0,"Link":"http:\/\/atg-pftbquk-ndc-aux02.ghanp.kfplc.com:8090\/dyn\/admin"}
2021-03-06 21:07:45.240  INFO 8092 --- [Thread-133] c.atg.atgtools.services.HealthCheckATG   : Thread-133 For  {"environment":"B&Q PFT","persona":"Staging","tier":"Q","State":0,"Link":"http:\/\/atg-pftbquk-ndc-stg01.ghanp.kfplc.com:8060\/dyn\/admin"}
2021-03-06 21:07:45.243  INFO 8092 --- [Thread-135] c.atg.atgtools.services.HealthCheckATG   : Thread-135 For  {"environment":"B&Q PFT","persona":"storefrontLB","tier":"Q","State":0,"Link":"https:\/\/pft-storefront.diy.com\/"}
2021-03-06 21:07:45.243  INFO 8092 --- [Thread-137] c.atg.atgtools.services.HealthCheckATG   : Thread-137 For  {"environment":"B&Q PFT","persona":"atgbcc","tier":"Q","State":0,"Link":"http:\/\/atg-pftbquk-ndc-pub01.ghanp.kfplc.com:8070\/atg\/bcc"}
2021-03-06 21:07:45.247  INFO 8092 --- [Thread-139] c.atg.atgtools.services.HealthCheckATG   : Thread-139 For  {"environment":"CASTO PFT","persona":"Agent02","tier":"Q","State":0,"Link":"http:\/\/atg-pftcafr-ndc-app02.ghanp.kfplc.com:8030\/dyn\/admin"}
2021-03-06 21:07:45.247  INFO 8092 --- [Thread-141] c.atg.atgtools.services.HealthCheckATG   : Thread-141 For  {"environment":"CASTO PFT","persona":"Agent04","tier":"Q","State":0,"Link":"http:\/\/atg-pftcafr-ndc-app04.ghanp.kfplc.com:8030\/dyn\/admin"}
2021-03-06 21:07:45.248  INFO 8092 --- [Thread-143] c.atg.atgtools.services.HealthCheckATG   : Thread-143 For  {"environment":"CASTO PFT","persona":"Agent06","tier":"Q","State":0,"Link":"http:\/\/atg-pftcafr-ndc-app06.ghanp.kfplc.com:8030\/dyn\/admin"}
2021-03-06 21:07:45.248  INFO 8092 --- [Thread-145] c.atg.atgtools.services.HealthCheckATG   : Thread-145 For  {"environment":"CASTO PFT","persona":"Agent08","tier":"Q","State":0,"Link":"http:\/\/atg-pftcafr-ndc-app08.ghanp.kfplc.com:8030\/dyn\/admin"}
2021-03-06 21:07:45.250  INFO 8092 --- [Thread-147] c.atg.atgtools.services.HealthCheckATG   : Thread-147 For  {"environment":"CASTO PFT","persona":"Agent10","tier":"Q","State":0,"Link":"http:\/\/atg-pftcafr-ndc-app10.ghanp.kfplc.com:8030\/dyn\/admin"}
2021-03-06 21:07:45.250  INFO 8092 --- [Thread-149] c.atg.atgtools.services.HealthCheckATG   : Thread-149 For  {"environment":"CASTO PFT","persona":"Agent12","tier":"Q","State":0,"Link":"http:\/\/atg-pftcafr-ndc-app12.ghanp.kfplc.com:8030\/dyn\/admin"}
2021-03-06 21:07:45.254  INFO 8092 --- [Thread-151] c.atg.atgtools.services.HealthCheckATG   : Thread-151 For  {"environment":"CASTO PFT","persona":"storefront01","tier":"Q","State":0,"Link":"http:\/\/atg-pftcafr-ndc-app01.ghanp.kfplc.com:8080\/dyn\/admin"}
2021-03-06 21:07:45.256  INFO 8092 --- [Thread-153] c.atg.atgtools.services.HealthCheckATG   : Thread-153 For  {"environment":"CASTO PFT","persona":"storefront03","tier":"Q","State":0,"Link":"http:\/\/atg-pftcafr-ndc-app03.ghanp.kfplc.com:8080\/dyn\/admin"}
2021-03-06 21:07:45.258  INFO 8092 --- [Thread-155] c.atg.atgtools.services.HealthCheckATG   : Thread-155 For  {"environment":"CASTO PFT","persona":"storefront05","tier":"Q","State":0,"Link":"http:\/\/atg-pftcafr-ndc-app05.ghanp.kfplc.com:8080\/dyn\/admin"}
2021-03-06 21:07:45.259  INFO 8092 --- [Thread-157] c.atg.atgtools.services.HealthCheckATG   : Thread-157 For  {"environment":"CASTO PFT","persona":"storefront07","tier":"Q","State":0,"Link":"http:\/\/atg-pftcafr-ndc-app07.ghanp.kfplc.com:8080\/dyn\/admin"}
2021-03-06 21:07:45.259  INFO 8092 --- [Thread-159] c.atg.atgtools.services.HealthCheckATG   : Thread-159 For  {"environment":"CASTO PFT","persona":"storefront09","tier":"Q","State":0,"Link":"http:\/\/atg-pftcafr-ndc-app09.ghanp.kfplc.com:8080\/dyn\/admin"}
2021-03-06 21:07:45.259  INFO 8092 --- [Thread-161] c.atg.atgtools.services.HealthCheckATG   : Thread-161 For  {"environment":"CASTO PFT","persona":"storefront11","tier":"Q","State":0,"Link":"http:\/\/atg-pftcafr-ndc-app11.ghanp.kfplc.com:8080\/dyn\/admin"}
2021-03-06 21:07:45.261  INFO 8092 --- [Thread-163] c.atg.atgtools.services.HealthCheckATG   : Thread-163 For  {"environment":"CASTO PFT","persona":"storefront13","tier":"Q","State":0,"Link":"http:\/\/atg-pftcafr-ndc-app13.ghanp.kfplc.com:8080\/dyn\/admin"}
2021-03-06 21:07:45.262  INFO 8092 --- [Thread-165] c.atg.atgtools.services.HealthCheckATG   : Thread-165 For  {"environment":"CASTO PFT","persona":"publish","tier":"Q","State":0,"Link":"http:\/\/atg-pftcafr-ndc-pub01.ghanp.kfplc.com:8070\/dyn\/admin"}
2021-03-06 21:07:45.262  INFO 8092 --- [Thread-167] c.atg.atgtools.services.HealthCheckATG   : Thread-167 For  {"environment":"CASTO PFT","persona":"AuxAgent","tier":"Q","State":0,"Link":"http:\/\/atg-pftcafr-ndc-aux02.ghanp.kfplc.com:8090\/dyn\/admin"}
2021-03-06 21:07:45.263  INFO 8092 --- [Thread-169] c.atg.atgtools.services.HealthCheckATG   : Thread-169 For  {"environment":"CASTO PFT","persona":"Staging","tier":"Q","State":0,"Link":"http:\/\/atg-pftcafr-ndc-stg01.ghanp.kfplc.com:8060\/dyn\/admin"}
2021-03-06 21:07:45.264  INFO 8092 --- [Thread-171] c.atg.atgtools.services.HealthCheckATG   : Thread-171 For  {"environment":"CASTO PFT","persona":"storefrontLB","tier":"Q","State":0,"Link":"https:\/\/pft11-storefront.castorama.fr"}
2021-03-06 21:07:45.264  INFO 8092 --- [Thread-173] c.atg.atgtools.services.HealthCheckATG   : Thread-173 For  {"environment":"B&Q F TIER","persona":"Agent01","tier":"F","State":0,"Link":"http:\/\/atg-sitbquk-aws-app01.aws.ghanp.kfplc.com:8030\/dyn\/admin"}
2021-03-06 21:07:45.265  INFO 8092 --- [Thread-175] c.atg.atgtools.services.HealthCheckATG   : Thread-175 For  {"environment":"B&Q F TIER","persona":"storefront01","tier":"F","State":0,"Link":"http:\/\/atg-sitbquk-aws-app01.aws.ghanp.kfplc.com:8080\/dyn\/admin"}
2021-03-06 21:07:45.265  INFO 8092 --- [Thread-177] c.atg.atgtools.services.HealthCheckATG   : Thread-177 For  {"environment":"B&Q F TIER","persona":"fulfillment","tier":"F","State":0,"Link":"http:\/\/atg-sitbquk-aws-ful01.aws.ghanp.kfplc.com:8040\/dyn\/admin"}
2021-03-06 21:07:45.265  INFO 8092 --- [Thread-179] c.atg.atgtools.services.HealthCheckATG   : Thread-179 For  {"environment":"B&Q F TIER","persona":"AuxStorefront","tier":"F","State":0,"Link":"http:\/\/atg-sitbquk-aws-aux01.aws.ghanp.kfplc.com:8050\/dyn\/admin"}
2021-03-06 21:07:45.265  INFO 8092 --- [Thread-181] c.atg.atgtools.services.HealthCheckATG   : Thread-181 For  {"environment":"B&Q F TIER","persona":"StagingAgent","tier":"F","State":0,"Link":"http:\/\/atg-sitbquk-aws-stg01.aws.ghanp.kfplc.com:8100\/dyn\/admin"}
2021-03-06 21:07:45.266  INFO 8092 --- [Thread-183] c.atg.atgtools.services.HealthCheckATG   : Thread-183 For  {"environment":"B&Q F TIER","persona":"AgentLB","tier":"F","State":0,"Link":"http:\/\/sitbquk-afa.aws.ghanp.kfplc.com\/agent-front"}
2021-03-06 21:07:45.267  INFO 8092 --- [Thread-185] c.atg.atgtools.services.HealthCheckATG   : Thread-185 For  {"environment":"B&Q F TIER","persona":"Tradepoint","tier":"F","State":0,"Link":"http:\/\/sitbquk-tradepoint.aws.ghanp.kfplc.com\/"}
2021-03-06 21:07:45.267  INFO 8092 --- [Thread-187] c.atg.atgtools.services.HealthCheckATG   : Thread-187 For  {"environment":"Casto F TIER","persona":"Agent01","tier":"F","State":0,"Link":"http:\/\/atg-sitcafr-aws-app01.aws.ghanp.kfplc.com:8030\/dyn\/admin"}
2021-03-06 21:07:45.267  INFO 8092 --- [Thread-189] c.atg.atgtools.services.HealthCheckATG   : Thread-189 For  {"environment":"Casto F TIER","persona":"storefront01","tier":"F","State":0,"Link":"http:\/\/atg-sitcafr-aws-app01.aws.ghanp.kfplc.com:8080\/dyn\/admin"}
2021-03-06 21:07:45.271  INFO 8092 --- [Thread-191] c.atg.atgtools.services.HealthCheckATG   : Thread-191 For  {"environment":"Casto F TIER","persona":"fulfillment","tier":"F","State":0,"Link":"http:\/\/atg-sitcafr-aws-ful01.aws.ghanp.kfplc.com:8040\/dyn\/admin"}
2021-03-06 21:07:45.272  INFO 8092 --- [Thread-193] c.atg.atgtools.services.HealthCheckATG   : Thread-193 For  {"environment":"Casto F TIER","persona":"AuxStorefront","tier":"F","State":0,"Link":"http:\/\/atg-sitcafr-aws-aux01.aws.ghanp.kfplc.com:8050\/dyn\/admin"}
2021-03-06 21:07:45.272  INFO 8092 --- [Thread-195] c.atg.atgtools.services.HealthCheckATG   : Thread-195 For  {"environment":"Casto F TIER","persona":"StagingAgent","tier":"F","State":0,"Link":"http:\/\/atg-sitcafr-aws-stg01.aws.ghanp.kfplc.com:8100\/dyn\/admin"}
2021-03-06 21:07:45.273  INFO 8092 --- [Thread-197] c.atg.atgtools.services.HealthCheckATG   : Thread-197 For  {"environment":"Casto F TIER","persona":"AgentLB","tier":"F","State":0,"Link":"http:\/\/sitcafr-afa.aws.ghanp.kfplc.com\/agent-front"}
2021-03-06 21:07:45.274  INFO 8092 --- [Thread-199] c.atg.atgtools.services.HealthCheckATG   : Thread-199 For  {"environment":"Casto F TIER","persona":"atgbcc","tier":"F","State":0,"Link":"http:\/\/atg-sitcafr-aws-pub01.aws.ghanp.kfplc.com:8070\/atg\/bcc"}
2021-03-06 21:07:45.274  INFO 8092 --- [Thread-142] c.atg.atgtools.services.HealthCheckATG   : Thread-142 For  {"environment":"CASTO PFT","persona":"Agent05","tier":"Q","State":0,"Link":"http:\/\/atg-pftcafr-ndc-app05.ghanp.kfplc.com:8030\/dyn\/admin"}
2021-03-06 21:07:45.274  INFO 8092 --- [Thread-144] c.atg.atgtools.services.HealthCheckATG   : Thread-144 For  {"environment":"CASTO PFT","persona":"Agent07","tier":"Q","State":0,"Link":"http:\/\/atg-pftcafr-ndc-app07.ghanp.kfplc.com:8030\/dyn\/admin"}
2021-03-06 21:07:45.274  INFO 8092 --- [Thread-146] c.atg.atgtools.services.HealthCheckATG   : Thread-146 For  {"environment":"CASTO PFT","persona":"Agent09","tier":"Q","State":0,"Link":"http:\/\/atg-pftcafr-ndc-app09.ghanp.kfplc.com:8030\/dyn\/admin"}
2021-03-06 21:07:45.274  INFO 8092 --- [Thread-148] c.atg.atgtools.services.HealthCheckATG   : Thread-148 For  {"environment":"CASTO PFT","persona":"Agent11","tier":"Q","State":0,"Link":"http:\/\/atg-pftcafr-ndc-app11.ghanp.kfplc.com:8030\/dyn\/admin"}
2021-03-06 21:07:45.275  INFO 8092 --- [Thread-150] c.atg.atgtools.services.HealthCheckATG   : Thread-150 For  {"environment":"CASTO PFT","persona":"Agent13","tier":"Q","State":0,"Link":"http:\/\/atg-pftcafr-ndc-app13.ghanp.kfplc.com:8030\/dyn\/admin"}
2021-03-06 21:07:45.275  INFO 8092 --- [Thread-152] c.atg.atgtools.services.HealthCheckATG   : Thread-152 For  {"environment":"CASTO PFT","persona":"storefront02","tier":"Q","State":0,"Link":"http:\/\/atg-pftcafr-ndc-app02.ghanp.kfplc.com:8080\/dyn\/admin"}
2021-03-06 21:07:45.275  INFO 8092 --- [Thread-154] c.atg.atgtools.services.HealthCheckATG   : Thread-154 For  {"environment":"CASTO PFT","persona":"storefront04","tier":"Q","State":0,"Link":"http:\/\/atg-pftcafr-ndc-app04.ghanp.kfplc.com:8080\/dyn\/admin"}
2021-03-06 21:07:45.275  INFO 8092 --- [Thread-156] c.atg.atgtools.services.HealthCheckATG   : Thread-156 For  {"environment":"CASTO PFT","persona":"storefront06","tier":"Q","State":0,"Link":"http:\/\/atg-pftcafr-ndc-app06.ghanp.kfplc.com:8080\/dyn\/admin"}
2021-03-06 21:07:45.275  INFO 8092 --- [Thread-158] c.atg.atgtools.services.HealthCheckATG   : Thread-158 For  {"environment":"CASTO PFT","persona":"storefront08","tier":"Q","State":0,"Link":"http:\/\/atg-pftcafr-ndc-app08.ghanp.kfplc.com:8080\/dyn\/admin"}
2021-03-06 21:07:45.276  INFO 8092 --- [Thread-160] c.atg.atgtools.services.HealthCheckATG   : Thread-160 For  {"environment":"CASTO PFT","persona":"storefront10","tier":"Q","State":0,"Link":"http:\/\/atg-pftcafr-ndc-app10.ghanp.kfplc.com:8080\/dyn\/admin"}
2021-03-06 21:07:45.279  INFO 8092 --- [Thread-201] c.atg.atgtools.services.HealthCheckATG   : Thread-201 For  {"environment":"CAPL F TIER","persona":"Agent02","tier":"F","State":0,"Link":"http:\/\/atg-sitcapl-aws-app02.aws.ghanp.kfplc.com:8030\/dyn\/admin"}
2021-03-06 21:07:45.279  INFO 8092 --- [Thread-203] c.atg.atgtools.services.HealthCheckATG   : Thread-203 For  {"environment":"CAPL F TIER","persona":"storefront02","tier":"F","State":0,"Link":"http:\/\/atg-sitcapl-aws-app02.aws.ghanp.kfplc.com:8080\/dyn\/admin"}
2021-03-06 21:07:45.286  INFO 8092 --- [Thread-205] c.atg.atgtools.services.HealthCheckATG   : Thread-205 For  {"environment":"CAPL F TIER","persona":"publish","tier":"F","State":0,"Link":"http:\/\/atg-sitcapl-aws-pub01.aws.ghanp.kfplc.com:8070\/dyn\/admin"}
2021-03-06 21:07:45.287  INFO 8092 --- [Thread-207] c.atg.atgtools.services.HealthCheckATG   : Thread-207 For  {"environment":"CAPL F TIER","persona":"AuxAgent","tier":"F","State":0,"Link":"http:\/\/atg-sitcapl-aws-aux02.aws.ghanp.kfplc.com:8090\/dyn\/admin"}
2021-03-06 21:07:45.288  INFO 8092 --- [Thread-209] c.atg.atgtools.services.HealthCheckATG   : Thread-209 For  {"environment":"CAPL F TIER","persona":"Staging","tier":"F","State":0,"Link":"http:\/\/atg-sitcapl-aws-stg01.aws.ghanp.kfplc.com:8060\/dyn\/admin"}
2021-03-06 21:07:45.288  INFO 8092 --- [Thread-211] c.atg.atgtools.services.HealthCheckATG   : Thread-211 For  {"environment":"CAPL F TIER","persona":"storefrontLB","tier":"F","State":0,"Link":"http:\/\/sitcapl-storefront.aws.ghanp.kfplc.com"}
2021-03-06 21:07:45.300  INFO 8092 --- [Thread-188] c.atg.atgtools.services.HealthCheckATG   : Thread-188 For  {"environment":"Casto F TIER","persona":"Agent02","tier":"F","State":0,"Link":"http:\/\/atg-sitcafr-aws-app02.aws.ghanp.kfplc.com:8030\/dyn\/admin"}
2021-03-06 21:07:45.300  INFO 8092 --- [Thread-190] c.atg.atgtools.services.HealthCheckATG   : Thread-190 For  {"environment":"Casto F TIER","persona":"storefront02","tier":"F","State":0,"Link":"http:\/\/atg-sitcafr-aws-app02.aws.ghanp.kfplc.com:8080\/dyn\/admin"}
2021-03-06 21:07:45.301  INFO 8092 --- [Thread-192] c.atg.atgtools.services.HealthCheckATG   : Thread-192 For  {"environment":"Casto F TIER","persona":"publish","tier":"F","State":0,"Link":"http:\/\/atg-sitcafr-aws-pub01.aws.ghanp.kfplc.com:8070\/dyn\/admin"}
2021-03-06 21:07:45.301  INFO 8092 --- [Thread-194] c.atg.atgtools.services.HealthCheckATG   : Thread-194 For  {"environment":"Casto F TIER","persona":"AuxAgent","tier":"F","State":0,"Link":"http:\/\/atg-sitcafr-aws-aux02.aws.ghanp.kfplc.com:8090\/dyn\/admin"}
2021-03-06 21:07:45.301  INFO 8092 --- [Thread-196] c.atg.atgtools.services.HealthCheckATG   : Thread-196 For  {"environment":"Casto F TIER","persona":"Staging","tier":"F","State":0,"Link":"http:\/\/atg-sitcafr-aws-stg01.aws.ghanp.kfplc.com:8060\/dyn\/admin"}
2021-03-06 21:07:45.301  INFO 8092 --- [Thread-198] c.atg.atgtools.services.HealthCheckATG   : Thread-198 For  {"environment":"Casto F TIER","persona":"storefrontLB","tier":"F","State":0,"Link":"http:\/\/sitcafr-storefront.aws.ghanp.kfplc.com"}
2021-03-06 21:07:45.301  INFO 8092 --- [Thread-200] c.atg.atgtools.services.HealthCheckATG   : Thread-200 For  {"environment":"CAPL F TIER","persona":"Agent01","tier":"F","State":0,"Link":"http:\/\/atg-sitcapl-aws-app01.aws.ghanp.kfplc.com:8030\/dyn\/admin"}
2021-03-06 21:07:45.302  INFO 8092 --- [Thread-202] c.atg.atgtools.services.HealthCheckATG   : Thread-202 For  {"environment":"CAPL F TIER","persona":"storefront01","tier":"F","State":0,"Link":"http:\/\/atg-sitcapl-aws-app01.aws.ghanp.kfplc.com:8080\/dyn\/admin"}
2021-03-06 21:07:45.302  INFO 8092 --- [Thread-204] c.atg.atgtools.services.HealthCheckATG   : Thread-204 For  {"environment":"CAPL F TIER","persona":"fulfillment","tier":"F","State":0,"Link":"http:\/\/atg-sitcapl-aws-ful01.aws.ghanp.kfplc.com:8040\/dyn\/admin"}
2021-03-06 21:07:45.302  INFO 8092 --- [Thread-206] c.atg.atgtools.services.HealthCheckATG   : Thread-206 For  {"environment":"CAPL F TIER","persona":"AuxStorefront","tier":"F","State":0,"Link":"http:\/\/atg-sitcapl-aws-aux01.aws.ghanp.kfplc.com:8050\/dyn\/admin"}
2021-03-06 21:07:45.302  INFO 8092 --- [Thread-208] c.atg.atgtools.services.HealthCheckATG   : Thread-208 For  {"environment":"CAPL F TIER","persona":"StagingAgent","tier":"F","State":0,"Link":"http:\/\/atg-sitcapl-aws-stg01.aws.ghanp.kfplc.com:8100\/dyn\/admin"}
2021-03-06 21:07:45.302  INFO 8092 --- [Thread-210] c.atg.atgtools.services.HealthCheckATG   : Thread-210 For  {"environment":"CAPL F TIER","persona":"AgentLB","tier":"F","State":0,"Link":"http:\/\/sitcapl-afa.aws.ghanp.kfplc.com\/agent-front"}
2021-03-06 21:07:45.303  INFO 8092 --- [Thread-212] c.atg.atgtools.services.HealthCheckATG   : Thread-212 For  {"environment":"CAPL F TIER","persona":"atgbcc","tier":"F","State":0,"Link":"http:\/\/atg-sitcapl-aws-pub01.aws.ghanp.kfplc.com:8070\/atg\/bcc"}
2021-03-06 21:07:48.862  INFO 8092 --- [http-nio-8080-exec-8] c.atg.atgtools.services.HealthCheckATG   : End Time: 2021-03-06T21:07:48.862
